Jul-14 22:03:52.957 [main] DEBUG nextflow.cli.Launcher - $> nextflow run main.nf -profile local -with-dag flowchart.png
Jul-14 22:03:52.993 [main] DEBUG nextflow.cli.CmdRun - N E X T F L O W  ~  version 25.04.6
Jul-14 22:03:53.013 [main] DEBUG nextflow.plugin.PluginsFacade - Setting up plugin manager > mode=prod; embedded=false; plugins-dir=/Users/felipeespinoza/.nextflow/plugins; core-plugins: nf-amazon@2.15.0,nf-azure@1.16.0,nf-cloudcache@0.4.3,nf-codecommit@0.2.3,nf-console@1.2.1,nf-google@1.21.1,nf-k8s@1.0.0,nf-tower@1.11.4,nf-wave@1.12.1
Jul-14 22:03:53.027 [main] INFO  o.pf4j.DefaultPluginStatusProvider - Enabled plugins: []
Jul-14 22:03:53.027 [main] INFO  o.pf4j.DefaultPluginStatusProvider - Disabled plugins: []
Jul-14 22:03:53.029 [main] INFO  org.pf4j.DefaultPluginManager - PF4J version 3.12.0 in 'deployment' mode
Jul-14 22:03:53.035 [main] INFO  org.pf4j.AbstractPluginManager - No plugins
Jul-14 22:03:53.048 [main] DEBUG nextflow.config.ConfigBuilder - Found config local: /Users/felipeespinoza/Documents/GitHub/TAP/nextflow.config
Jul-14 22:03:53.050 [main] DEBUG nextflow.config.ConfigBuilder - Parsing config file: /Users/felipeespinoza/Documents/GitHub/TAP/nextflow.config
Jul-14 22:03:53.069 [main] DEBUG n.secret.LocalSecretsProvider - Secrets store: /Users/felipeespinoza/.nextflow/secrets/store.json
Jul-14 22:03:53.070 [main] DEBUG nextflow.secret.SecretsLoader - Discovered secrets providers: [nextflow.secret.LocalSecretsProvider@41d7b27f] - activable => nextflow.secret.LocalSecretsProvider@41d7b27f
Jul-14 22:03:53.074 [main] DEBUG nextflow.config.ConfigBuilder - Applying config profile: `local`
Jul-14 22:03:53.311 [main] DEBUG nextflow.config.ConfigBuilder - Available config profiles: [HPC, local]
Jul-14 22:03:53.330 [main] DEBUG nextflow.cli.CmdRun - Applied DSL=2 from script declaration
Jul-14 22:03:53.340 [main] DEBUG nextflow.cli.CmdRun - Launching `main.nf` [sleepy_mayer] DSL2 - revision: 7d84a54aa6
Jul-14 22:03:53.340 [main] DEBUG nextflow.plugin.PluginsFacade - Plugins default=[]
Jul-14 22:03:53.340 [main] DEBUG nextflow.plugin.PluginsFacade - Plugins resolved requirement=[]
Jul-14 22:03:53.372 [main] DEBUG nextflow.Session - Session UUID: 293a2b65-bcd9-4f83-a09d-32c313606781
Jul-14 22:03:53.372 [main] DEBUG nextflow.Session - Run name: sleepy_mayer
Jul-14 22:03:53.372 [main] DEBUG nextflow.Session - Executor pool size: 12
Jul-14 22:03:53.377 [main] DEBUG nextflow.file.FilePorter - File porter settings maxRetries=3; maxTransfers=50; pollTimeout=null
Jul-14 22:03:53.380 [main] DEBUG nextflow.util.ThreadPoolBuilder - Creating thread pool 'FileTransfer' minSize=10; maxSize=36; workQueue=LinkedBlockingQueue[-1]; allowCoreThreadTimeout=false
Jul-14 22:03:53.397 [main] DEBUG nextflow.cli.CmdRun - 
  Version: 25.04.6 build 5954
  Created: 01-07-2025 11:27 UTC (07:27 CLST)
  System: Mac OS X 15.5
  Runtime: Groovy 4.0.26 on OpenJDK 64-Bit Server VM 17.0.15+0
  Encoding: UTF-8 (UTF-8)
  Process: 10592@Felipes-MacBook-Pro.local [127.0.0.1]
  CPUs: 12 - Mem: 16 GB (73.9 MB) - Swap: 1 GB (799.2 MB)
Jul-14 22:03:53.406 [main] DEBUG nextflow.Session - Work-dir: /Users/felipeespinoza/Documents/GitHub/TAP/work [Mac OS X]
Jul-14 22:03:53.414 [main] DEBUG nextflow.executor.ExecutorFactory - Extension executors providers=[]
Jul-14 22:03:53.420 [main] DEBUG nextflow.Session - Observer factory: DefaultObserverFactory
Jul-14 22:03:53.428 [main] DEBUG nextflow.Session - Observer factory (v2): LinObserverFactory
Jul-14 22:03:53.440 [main] DEBUG nextflow.cache.CacheFactory - Using Nextflow cache factory: nextflow.cache.DefaultCacheFactory
Jul-14 22:03:53.446 [main] DEBUG nextflow.util.CustomThreadPool - Creating default thread pool > poolSize: 13; maxThreads: 1000
Jul-14 22:03:53.479 [main] DEBUG nextflow.Session - Session start
Jul-14 22:03:53.729 [main] DEBUG nextflow.script.ScriptRunner - > Launching execution
Jul-14 22:03:53.801 [main] DEBUG nextflow.executor.ExecutorFactory - << taskConfig executor: local
Jul-14 22:03:53.801 [main] DEBUG nextflow.executor.ExecutorFactory - >> processorType: 'local'
Jul-14 22:03:53.806 [main] DEBUG nextflow.executor.Executor - [warm up] executor > local
Jul-14 22:03:53.809 [main] DEBUG n.processor.LocalPollingMonitor - Creating local task monitor for executor 'local' > cpus=12; memory=16 GB; capacity=12; pollInterval=100ms; dumpInterval=5m
Jul-14 22:03:53.811 [main] DEBUG n.processor.TaskPollingMonitor - >>> barrier register (monitor: local)
Jul-14 22:03:53.822 [main] DEBUG nextflow.processor.TaskProcessor - Creating process 'DOWNLOAD': maxForks=0; fair=false; array=0
Jul-14 22:03:53.855 [main] DEBUG nextflow.executor.ExecutorFactory - << taskConfig executor: local
Jul-14 22:03:53.855 [main] DEBUG nextflow.executor.ExecutorFactory - >> processorType: 'local'
Jul-14 22:03:53.856 [main] DEBUG nextflow.processor.TaskProcessor - Creating process 'DESCRIBE_FASTA': maxForks=0; fair=false; array=0
Jul-14 22:03:53.858 [main] DEBUG nextflow.executor.ExecutorFactory - << taskConfig executor: local
Jul-14 22:03:53.860 [main] DEBUG nextflow.executor.ExecutorFactory - >> processorType: 'local'
Jul-14 22:03:53.860 [main] DEBUG nextflow.processor.TaskProcessor - Creating process 'CHECK_PYSPARK': maxForks=0; fair=false; array=0
Jul-14 22:03:53.867 [main] DEBUG nextflow.executor.ExecutorFactory - << taskConfig executor: local
Jul-14 22:03:53.867 [main] DEBUG nextflow.executor.ExecutorFactory - >> processorType: 'local'
Jul-14 22:03:53.867 [main] DEBUG nextflow.processor.TaskProcessor - Creating process 'REGEX_PYSPARK': maxForks=0; fair=false; array=0
Jul-14 22:03:53.871 [main] DEBUG nextflow.executor.ExecutorFactory - << taskConfig executor: local
Jul-14 22:03:53.872 [main] DEBUG nextflow.executor.ExecutorFactory - >> processorType: 'local'
Jul-14 22:03:53.872 [main] DEBUG nextflow.processor.TaskProcessor - Creating process 'PLOT': maxForks=0; fair=false; array=0
Jul-14 22:03:53.873 [main] DEBUG nextflow.Session - Workflow process names [dsl2]: PLOT, DOWNLOAD, DESCRIBE_FASTA, REGEX_PYSPARK, CHECK_PYSPARK
Jul-14 22:03:53.874 [main] DEBUG nextflow.Session - Igniting dataflow network (9)
Jul-14 22:03:53.878 [main] DEBUG nextflow.processor.TaskProcessor - Starting process > DOWNLOAD
Jul-14 22:03:53.878 [main] DEBUG nextflow.processor.TaskProcessor - Starting process > DESCRIBE_FASTA
Jul-14 22:03:53.878 [main] DEBUG nextflow.processor.TaskProcessor - Starting process > CHECK_PYSPARK
Jul-14 22:03:53.878 [main] DEBUG nextflow.processor.TaskProcessor - Starting process > REGEX_PYSPARK
Jul-14 22:03:53.879 [main] DEBUG nextflow.processor.TaskProcessor - Starting process > PLOT
Jul-14 22:03:53.879 [main] DEBUG nextflow.script.ScriptRunner - Parsed script files:
  Script_5f78bc42887f892e: /Users/felipeespinoza/Documents/GitHub/TAP/main.nf
Jul-14 22:03:53.879 [main] DEBUG nextflow.script.ScriptRunner - > Awaiting termination 
Jul-14 22:03:53.879 [main] DEBUG nextflow.Session - Session await
Jul-14 22:03:53.965 [Task submitter] DEBUG n.executor.local.LocalTaskHandler - Launch cmd line: /bin/bash -ue .command.run
Jul-14 22:03:53.967 [Task submitter] INFO  nextflow.Session - [a6/561d48] Submitted process > CHECK_PYSPARK (1)
Jul-14 22:03:53.972 [Task submitter] DEBUG n.executor.local.LocalTaskHandler - Launch cmd line: /bin/bash -ue .command.run
Jul-14 22:03:53.972 [Task submitter] INFO  nextflow.Session - [d2/8f53fe] Submitted process > DOWNLOAD (1)
Jul-14 22:03:54.624 [Task monitor] DEBUG n.processor.TaskPollingMonitor - Task completed > TaskHandler[id: 1; name: CHECK_PYSPARK (1); status: COMPLETED; exit: 0; error: -; workDir: /Users/felipeespinoza/Documents/GitHub/TAP/work/a6/561d480e46e39461ddd968135bd45a]
Jul-14 22:03:54.624 [Task monitor] DEBUG nextflow.util.ThreadPoolBuilder - Creating thread pool 'TaskFinalizer' minSize=10; maxSize=36; workQueue=LinkedBlockingQueue[-1]; allowCoreThreadTimeout=false
Jul-14 22:04:01.956 [Task monitor] DEBUG n.processor.TaskPollingMonitor - Task completed > TaskHandler[id: 2; name: DOWNLOAD (1); status: COMPLETED; exit: 0; error: -; workDir: /Users/felipeespinoza/Documents/GitHub/TAP/work/d2/8f53fe209eb4915323a8cddf818adb]
Jul-14 22:04:01.982 [TaskFinalizer-2] DEBUG nextflow.util.ThreadPoolBuilder - Creating thread pool 'PublishDir' minSize=10; maxSize=36; workQueue=LinkedBlockingQueue[-1]; allowCoreThreadTimeout=false
Jul-14 22:04:02.002 [Task submitter] DEBUG n.executor.local.LocalTaskHandler - Launch cmd line: /bin/bash -ue .command.run
Jul-14 22:04:02.003 [Task submitter] INFO  nextflow.Session - [1c/794652] Submitted process > REGEX_PYSPARK (1)
Jul-14 22:04:02.007 [Task submitter] DEBUG n.executor.local.LocalTaskHandler - Launch cmd line: /bin/bash -ue .command.run
Jul-14 22:04:02.007 [Task submitter] INFO  nextflow.Session - [a7/84ab86] Submitted process > DESCRIBE_FASTA
Jul-14 22:04:04.128 [Task monitor] DEBUG n.processor.TaskPollingMonitor - Task completed > TaskHandler[id: 4; name: DESCRIBE_FASTA; status: COMPLETED; exit: 0; error: -; workDir: /Users/felipeespinoza/Documents/GitHub/TAP/work/a7/84ab86fb8266ceed0e4840ece9c11e]
Jul-14 22:04:26.611 [Task monitor] DEBUG n.processor.TaskPollingMonitor - Task completed > TaskHandler[id: 3; name: REGEX_PYSPARK (1); status: COMPLETED; exit: 0; error: -; workDir: /Users/felipeespinoza/Documents/GitHub/TAP/work/1c/794652b8dad2336fc301df86b11694]
Jul-14 22:04:26.635 [Task submitter] DEBUG n.executor.local.LocalTaskHandler - Launch cmd line: /bin/bash -ue .command.run
Jul-14 22:04:26.635 [Task submitter] INFO  nextflow.Session - [eb/b9b970] Submitted process > PLOT
Jul-14 22:04:27.625 [Task monitor] DEBUG n.processor.TaskPollingMonitor - Task completed > TaskHandler[id: 5; name: PLOT; status: COMPLETED; exit: 0; error: -; workDir: /Users/felipeespinoza/Documents/GitHub/TAP/work/eb/b9b970957ba768a348e7d03d99ce47]
Jul-14 22:04:27.628 [main] DEBUG nextflow.Session - Session await > all processes finished
Jul-14 22:04:27.731 [Task monitor] DEBUG n.processor.TaskPollingMonitor - <<< barrier arrives (monitor: local) - terminating tasks monitor poll loop
Jul-14 22:04:27.731 [main] DEBUG nextflow.Session - Session await > all barriers passed
Jul-14 22:04:27.733 [main] DEBUG nextflow.util.ThreadPoolManager - Thread pool 'TaskFinalizer' shutdown completed (hard=false)
Jul-14 22:04:27.733 [main] DEBUG nextflow.util.ThreadPoolManager - Thread pool 'PublishDir' shutdown completed (hard=false)
Jul-14 22:04:27.739 [main] DEBUG n.trace.WorkflowStatsObserver - Workflow completed > WorkflowStats[succeededCount=5; failedCount=0; ignoredCount=0; cachedCount=0; pendingCount=0; submittedCount=0; runningCount=0; retriesCount=0; abortedCount=0; succeedDuration=36.1s; failedDuration=0ms; cachedDuration=0ms;loadCpus=0; loadMemory=0; peakRunning=2; peakCpus=2; peakMemory=0; ]
Jul-14 22:04:29.877 [main] DEBUG nextflow.cache.CacheDB - Closing CacheDB done
Jul-14 22:04:29.886 [main] DEBUG nextflow.util.ThreadPoolManager - Thread pool 'FileTransfer' shutdown completed (hard=false)
Jul-14 22:04:29.886 [main] DEBUG nextflow.script.ScriptRunner - > Execution complete -- Goodbye
